 
---------- Step 0: Installing libraries  --------------
 
Collecting evaluate
  Using cached evaluate-0.4.3-py3-none-any.whl.metadata (9.2 kB)
Collecting datasets>=2.0.0 (from evaluate)
  Using cached datasets-3.3.2-py3-none-any.whl.metadata (19 kB)
Collecting numpy>=1.17 (from evaluate)
  Using cached numpy-2.0.2-cp39-cp39-manylinux_2_17_x86_64.manylinux2014_x86_64.whl.metadata (60 kB)
Collecting dill (from evaluate)
  Using cached dill-0.3.9-py3-none-any.whl.metadata (10 kB)
Collecting pandas (from evaluate)
  Using cached pandas-2.2.3-cp39-cp39-manylinux_2_17_x86_64.manylinux2014_x86_64.whl.metadata (89 kB)
Collecting requests>=2.19.0 (from evaluate)
  Using cached requests-2.32.3-py3-none-any.whl.metadata (4.6 kB)
Collecting tqdm>=4.62.1 (from evaluate)
  Using cached tqdm-4.67.1-py3-none-any.whl.metadata (57 kB)
Collecting xxhash (from evaluate)
  Using cached xxhash-3.5.0-cp39-cp39-manylinux_2_17_x86_64.manylinux2014_x86_64.whl.metadata (12 kB)
Collecting multiprocess (from evaluate)
  Using cached multiprocess-0.70.17-py39-none-any.whl.metadata (7.2 kB)
Collecting fsspec>=2021.05.0 (from fsspec[http]>=2021.05.0->evaluate)
  Using cached fsspec-2025.2.0-py3-none-any.whl.metadata (11 kB)
Collecting huggingface-hub>=0.7.0 (from evaluate)
  Using cached huggingface_hub-0.29.1-py3-none-any.whl.metadata (13 kB)
Collecting packaging (from evaluate)
  Using cached packaging-24.2-py3-none-any.whl.metadata (3.2 kB)
Collecting filelock (from datasets>=2.0.0->evaluate)
  Using cached filelock-3.17.0-py3-none-any.whl.metadata (2.9 kB)
Collecting pyarrow>=15.0.0 (from datasets>=2.0.0->evaluate)
  Using cached pyarrow-19.0.1-cp39-cp39-manylinux_2_28_x86_64.whl.metadata (3.3 kB)
Collecting dill (from evaluate)
  Using cached dill-0.3.8-py3-none-any.whl.metadata (10 kB)
Collecting multiprocess (from evaluate)
  Using cached multiprocess-0.70.16-py39-none-any.whl.metadata (7.2 kB)
Collecting fsspec>=2021.05.0 (from fsspec[http]>=2021.05.0->evaluate)
  Using cached fsspec-2024.12.0-py3-none-any.whl.metadata (11 kB)
Collecting aiohttp (from datasets>=2.0.0->evaluate)
  Using cached aiohttp-3.11.13-cp39-cp39-manylinux_2_17_x86_64.manylinux2014_x86_64.whl.metadata (7.7 kB)
Collecting pyyaml>=5.1 (from datasets>=2.0.0->evaluate)
  Using cached PyYAML-6.0.2-cp39-cp39-manylinux_2_17_x86_64.manylinux2014_x86_64.whl.metadata (2.1 kB)
Collecting typing-extensions>=3.7.4.3 (from huggingface-hub>=0.7.0->evaluate)
  Using cached typing_extensions-4.12.2-py3-none-any.whl.metadata (3.0 kB)
Collecting charset-normalizer<4,>=2 (from requests>=2.19.0->evaluate)
  Using cached charset_normalizer-3.4.1-cp39-cp39-manylinux_2_17_x86_64.manylinux2014_x86_64.whl.metadata (35 kB)
Collecting idna<4,>=2.5 (from requests>=2.19.0->evaluate)
  Using cached idna-3.10-py3-none-any.whl.metadata (10 kB)
Collecting urllib3<3,>=1.21.1 (from requests>=2.19.0->evaluate)
  Using cached urllib3-2.3.0-py3-none-any.whl.metadata (6.5 kB)
Collecting certifi>=2017.4.17 (from requests>=2.19.0->evaluate)
  Using cached certifi-2025.1.31-py3-none-any.whl.metadata (2.5 kB)
Collecting python-dateutil>=2.8.2 (from pandas->evaluate)
  Using cached python_dateutil-2.9.0.post0-py2.py3-none-any.whl.metadata (8.4 kB)
Collecting pytz>=2020.1 (from pandas->evaluate)
  Using cached pytz-2025.1-py2.py3-none-any.whl.metadata (22 kB)
Collecting tzdata>=2022.7 (from pandas->evaluate)
  Using cached tzdata-2025.1-py2.py3-none-any.whl.metadata (1.4 kB)
Collecting aiohappyeyeballs>=2.3.0 (from aiohttp->datasets>=2.0.0->evaluate)
  Using cached aiohappyeyeballs-2.4.6-py3-none-any.whl.metadata (5.9 kB)
Collecting aiosignal>=1.1.2 (from aiohttp->datasets>=2.0.0->evaluate)
  Using cached aiosignal-1.3.2-py2.py3-none-any.whl.metadata (3.8 kB)
Collecting async-timeout<6.0,>=4.0 (from aiohttp->datasets>=2.0.0->evaluate)
  Using cached async_timeout-5.0.1-py3-none-any.whl.metadata (5.1 kB)
Collecting attrs>=17.3.0 (from aiohttp->datasets>=2.0.0->evaluate)
  Using cached attrs-25.1.0-py3-none-any.whl.metadata (10 kB)
Collecting frozenlist>=1.1.1 (from aiohttp->datasets>=2.0.0->evaluate)
  Using cached frozenlist-1.5.0-cp39-cp39-manylinux_2_5_x86_64.manylinux1_x86_64.manylinux_2_17_x86_64.manylinux2014_x86_64.whl.metadata (13 kB)
Collecting multidict<7.0,>=4.5 (from aiohttp->datasets>=2.0.0->evaluate)
  Using cached multidict-6.1.0-cp39-cp39-manylinux_2_17_x86_64.manylinux2014_x86_64.whl.metadata (5.0 kB)
Collecting propcache>=0.2.0 (from aiohttp->datasets>=2.0.0->evaluate)
  Using cached propcache-0.3.0-cp39-cp39-manylinux_2_17_x86_64.manylinux2014_x86_64.whl.metadata (10 kB)
Collecting yarl<2.0,>=1.17.0 (from aiohttp->datasets>=2.0.0->evaluate)
  Using cached yarl-1.18.3-cp39-cp39-manylinux_2_17_x86_64.manylinux2014_x86_64.whl.metadata (69 kB)
Collecting six>=1.5 (from python-dateutil>=2.8.2->pandas->evaluate)
  Using cached six-1.17.0-py2.py3-none-any.whl.metadata (1.7 kB)
Using cached evaluate-0.4.3-py3-none-any.whl (84 kB)
Using cached datasets-3.3.2-py3-none-any.whl (485 kB)
Using cached dill-0.3.8-py3-none-any.whl (116 kB)
Using cached fsspec-2024.12.0-py3-none-any.whl (183 kB)
Using cached huggingface_hub-0.29.1-py3-none-any.whl (468 kB)
Using cached multiprocess-0.70.16-py39-none-any.whl (133 kB)
Using cached numpy-2.0.2-cp39-cp39-manylinux_2_17_x86_64.manylinux2014_x86_64.whl (19.5 MB)
Using cached packaging-24.2-py3-none-any.whl (65 kB)
Using cached requests-2.32.3-py3-none-any.whl (64 kB)
Using cached tqdm-4.67.1-py3-none-any.whl (78 kB)
Using cached pandas-2.2.3-cp39-cp39-manylinux_2_17_x86_64.manylinux2014_x86_64.whl (13.1 MB)
Using cached xxhash-3.5.0-cp39-cp39-manylinux_2_17_x86_64.manylinux2014_x86_64.whl (193 kB)
Using cached aiohttp-3.11.13-cp39-cp39-manylinux_2_17_x86_64.manylinux2014_x86_64.whl (1.6 MB)
Using cached certifi-2025.1.31-py3-none-any.whl (166 kB)
Using cached charset_normalizer-3.4.1-cp39-cp39-manylinux_2_17_x86_64.manylinux2014_x86_64.whl (146 kB)
Using cached idna-3.10-py3-none-any.whl (70 kB)
Using cached pyarrow-19.0.1-cp39-cp39-manylinux_2_28_x86_64.whl (42.1 MB)
Using cached python_dateutil-2.9.0.post0-py2.py3-none-any.whl (229 kB)
Using cached pytz-2025.1-py2.py3-none-any.whl (507 kB)
Using cached PyYAML-6.0.2-cp39-cp39-manylinux_2_17_x86_64.manylinux2014_x86_64.whl (737 kB)
Using cached typing_extensions-4.12.2-py3-none-any.whl (37 kB)
Using cached tzdata-2025.1-py2.py3-none-any.whl (346 kB)
Using cached urllib3-2.3.0-py3-none-any.whl (128 kB)
Using cached filelock-3.17.0-py3-none-any.whl (16 kB)
Using cached aiohappyeyeballs-2.4.6-py3-none-any.whl (14 kB)
Using cached aiosignal-1.3.2-py2.py3-none-any.whl (7.6 kB)
Using cached async_timeout-5.0.1-py3-none-any.whl (6.2 kB)
Using cached attrs-25.1.0-py3-none-any.whl (63 kB)
Using cached frozenlist-1.5.0-cp39-cp39-manylinux_2_5_x86_64.manylinux1_x86_64.manylinux_2_17_x86_64.manylinux2014_x86_64.whl (242 kB)
Using cached multidict-6.1.0-cp39-cp39-manylinux_2_17_x86_64.manylinux2014_x86_64.whl (124 kB)
Using cached propcache-0.3.0-cp39-cp39-manylinux_2_17_x86_64.manylinux2014_x86_64.whl (208 kB)
Using cached six-1.17.0-py2.py3-none-any.whl (11 kB)
Using cached yarl-1.18.3-cp39-cp39-manylinux_2_17_x86_64.manylinux2014_x86_64.whl (321 kB)
Installing collected packages: pytz, xxhash, urllib3, tzdata, typing-extensions, tqdm, six, pyyaml, pyarrow, propcache, packaging, numpy, idna, fsspec, frozenlist, filelock, dill, charset-normalizer, certifi, attrs, async-timeout, aiohappyeyeballs, requests, python-dateutil, multiprocess, multidict, aiosignal, yarl, pandas, huggingface-hub, aiohttp, datasets, evaluate
ERROR: pip's dependency resolver does not currently take into account all the packages that are installed. This behaviour is the source of the following dependency conflicts.
contourpy 1.2.0 requires numpy<2.0,>=1.20, but you have numpy 2.0.2 which is incompatible.
hyperpyyaml 1.2.2 requires ruamel.yaml>=0.17.28, but you have ruamel-yaml 0.17.21 which is incompatible.
Successfully installed aiohappyeyeballs-2.4.6 aiohttp-3.11.13 aiosignal-1.3.2 async-timeout-5.0.1 attrs-25.1.0 certifi-2025.1.31 charset-normalizer-3.4.1 datasets-3.3.2 dill-0.3.8 evaluate-0.4.3 filelock-3.17.0 frozenlist-1.5.0 fsspec-2024.12.0 huggingface-hub-0.29.1 idna-3.10 multidict-6.1.0 multiprocess-0.70.16 numpy-1.23.1 packaging-24.2 pandas-1.4.3 propcache-0.3.0 pyarrow-19.0.1 python-dateutil-2.9.0.post0 pytz-2025.1 pyyaml-6.0.2 requests-2.32.3 six-1.17.0 tqdm-4.64.0 typing-extensions-4.12.2 tzdata-2025.1 urllib3-2.3.0 xxhash-3.5.0 yarl-1.18.3
Collecting jiwer
  Using cached jiwer-3.1.0-py3-none-any.whl.metadata (2.6 kB)
Collecting click>=8.1.8 (from jiwer)
  Using cached click-8.1.8-py3-none-any.whl.metadata (2.3 kB)
Collecting rapidfuzz>=3.9.7 (from jiwer)
  Using cached rapidfuzz-3.12.1-cp39-cp39-manylinux_2_17_x86_64.manylinux2014_x86_64.whl.metadata (11 kB)
Using cached jiwer-3.1.0-py3-none-any.whl (22 kB)
Using cached click-8.1.8-py3-none-any.whl (98 kB)
Using cached rapidfuzz-3.12.1-cp39-cp39-manylinux_2_17_x86_64.manylinux2014_x86_64.whl (3.1 MB)
Installing collected packages: rapidfuzz, click, jiwer
Successfully installed click-8.1.8 jiwer-3.1.0 rapidfuzz-3.12.1
---------- Step 1: Running model ----------------------
Traceback (most recent call last):
  File "/scratch/skscla001/speech/adapter-wavlm/ASR/train.py", line 2, in <module>
    from datasets import load_metric
ImportError: cannot import name 'load_metric' from 'datasets' (/home/skscla001/.local/lib/python3.9/site-packages/datasets/__init__.py)
