 
---------- Step 0: Installing libraries  --------------
 
Collecting transformers==4.20.1
  Downloading transformers-4.20.1-py3-none-any.whl.metadata (77 kB)
Requirement already satisfied: filelock in /scratch/skscla001/.local/lib/python3.9/site-packages (from transformers==4.20.1) (3.17.0)
Requirement already satisfied: huggingface-hub<1.0,>=0.1.0 in /scratch/skscla001/.local/lib/python3.9/site-packages (from transformers==4.20.1) (0.29.1)
Requirement already satisfied: numpy>=1.17 in /opt/exp_soft/miniconda3-py3.9/lib/python3.9/site-packages (from transformers==4.20.1) (1.26.4)
Requirement already satisfied: packaging>=20.0 in /opt/exp_soft/miniconda3-py3.9/lib/python3.9/site-packages (from transformers==4.20.1) (24.1)
Requirement already satisfied: pyyaml>=5.1 in /scratch/skscla001/.local/lib/python3.9/site-packages (from transformers==4.20.1) (6.0.2)
Requirement already satisfied: regex!=2019.12.17 in /scratch/skscla001/.local/lib/python3.9/site-packages (from transformers==4.20.1) (2024.11.6)
Requirement already satisfied: requests in /opt/exp_soft/miniconda3-py3.9/lib/python3.9/site-packages (from transformers==4.20.1) (2.32.3)
Collecting tokenizers!=0.11.3,<0.13,>=0.11.1 (from transformers==4.20.1)
  Downloading tokenizers-0.12.1-cp39-cp39-manylinux_2_12_x86_64.manylinux2010_x86_64.whl.metadata (6.5 kB)
Requirement already satisfied: tqdm>=4.27 in /opt/exp_soft/miniconda3-py3.9/lib/python3.9/site-packages (from transformers==4.20.1) (4.66.4)
Requirement already satisfied: fsspec>=2023.5.0 in /scratch/skscla001/.local/lib/python3.9/site-packages (from huggingface-hub<1.0,>=0.1.0->transformers==4.20.1) (2024.12.0)
Requirement already satisfied: typing-extensions>=3.7.4.3 in /scratch/skscla001/.local/lib/python3.9/site-packages (from huggingface-hub<1.0,>=0.1.0->transformers==4.20.1) (4.12.2)
Requirement already satisfied: charset-normalizer<4,>=2 in /opt/exp_soft/miniconda3-py3.9/lib/python3.9/site-packages (from requests->transformers==4.20.1) (3.3.2)
Requirement already satisfied: idna<4,>=2.5 in /opt/exp_soft/miniconda3-py3.9/lib/python3.9/site-packages (from requests->transformers==4.20.1) (3.7)
Requirement already satisfied: urllib3<3,>=1.21.1 in /opt/exp_soft/miniconda3-py3.9/lib/python3.9/site-packages (from requests->transformers==4.20.1) (2.2.2)
Requirement already satisfied: certifi>=2017.4.17 in /opt/exp_soft/miniconda3-py3.9/lib/python3.9/site-packages (from requests->transformers==4.20.1) (2024.8.30)
Downloading transformers-4.20.1-py3-none-any.whl (4.4 MB)
   ━━━━━━━━━━━━━━━━━━━━━━━━━━━━━━━━━━━━━━━━ 4.4/4.4 MB 4.6 MB/s eta 0:00:00
Downloading tokenizers-0.12.1-cp39-cp39-manylinux_2_12_x86_64.manylinux2010_x86_64.whl (6.6 MB)
   ━━━━━━━━━━━━━━━━━━━━━━━━━━━━━━━━━━━━━━━━ 6.6/6.6 MB 4.2 MB/s eta 0:00:00
Installing collected packages: tokenizers, transformers
  Attempting uninstall: tokenizers
    Found existing installation: tokenizers 0.21.0
    Uninstalling tokenizers-0.21.0:
      Successfully uninstalled tokenizers-0.21.0
  Attempting uninstall: transformers
    Found existing installation: transformers 4.49.0
    Uninstalling transformers-4.49.0:
      Successfully uninstalled transformers-4.49.0
Successfully installed tokenizers-0.12.1 transformers-4.20.1
---------- Step 1: Running model ----------------------
Traceback (most recent call last):
  File "/scratch/skscla001/speech/adapter-wavlm/ASR/train.py", line 15, in <module>
    from modeling import AdaWavLMForCTC # WavLMModel with Adapter
  File "/scratch/skscla001/speech/adapter-wavlm/ASR/modeling.py", line 30, in <module>
    from transformers.integrations.deepspeed import is_deepspeed_zero3_enabled
ModuleNotFoundError: No module named 'transformers.integrations.deepspeed'; 'transformers.integrations' is not a package
 
---------- Step 1: Processing complete  ----------------------
